<?xml version="1.0" encoding="UTF-8"?>
<!-- Generated by org.testng.reporters.JUnitXMLReporter -->
<testsuite hostname="Alehs-MBP-2.minsk.epam.com" ignored="0" name="Default test" tests="3" failures="0" timestamp="21 Aug 2018 10:58:12 GMT" time="1.417" errors="0">
  <testcase name="checkResponseBody" time="0.935" classname="RestAssuredDemoTest"/>
  <testcase name="checkResponseHeader" time="0.069" classname="RestAssuredDemoTest"/>
  <testcase name="checkStatusCode" time="0.061" classname="RestAssuredDemoTest"/>
</testsuite> <!-- Default test -->
